<?xml version="1.0" encoding="UTF-8"?>
<testsuite xmlns:xsi="http://www.w3.org/2001/XMLSchema-instance" xsi:noNamespaceSchemaLocation="https://maven.apache.org/surefire/maven-surefire-plugin/xsd/surefire-test-report.xsd" version="3.0.2" name="com.junior.roadmap.MainTest" time="0.004" tests="12" errors="0" skipped="0" failures="0">
  <properties>
[...]
</properties>
  <testcase name="shouldCreateSessionFromScannerInput" classname="com.junior.roadmap.MainTest" time="0.001">
    <system-out><![CDATA[

Subject: 

Goal: 

Planned Minutes: ]]></system-out>
  </testcase>
  <testcase name="deletingExistingSessionRemovesItFromFindAll" classname="com.junior.roadmap.MainTest" time="0.0">
    <system-out><![CDATA[Select the session ID to delete: 
[
Session ID fe10e725-6376-4a60-89a7-230b69eadd34
Subject: Math
Goal: Practice algebra
Planned minutes: 45
Status: PLANNED
-----------------------------------------------
]
Enter the ID: Session deleted successfully.
]]></system-out>
  </testcase>
  <testcase name="cratesValidSession" classname="com.junior.roadmap.MainTest" time="0.0"/>
  <testcase name="deletingMissingSessionFailsClearly" classname="com.junior.roadmap.MainTest" time="0.0"/>
  <testcase name="rejectsInvalidMinutesExceededValueThenAcceptsValidMinutes" classname="com.junior.roadmap.MainTest" time="0.0">
    <system-out><![CDATA[

Subject: 

Goal: 

Planned Minutes: Session exceeded the maximum length for a session 480.


Planned Minutes: ]]></system-out>
  </testcase>
  <testcase name="completingMissingSessionFailsClearly" classname="com.junior.roadmap.MainTest" time="0.0"/>
  <testcase name="rejectsInvalidMinutesNegativeThenAcceptsValidMinutes" classname="com.junior.roadmap.MainTest" time="0.0">
    <system-out><![CDATA[

Subject: 

Goal: 

Planned Minutes: The session's minutes cannot be equal or less than 0. Try again.


Planned Minutes: ]]></system-out>
  </testcase>
  <testcase name="rejectsEmptyGoalThenAcceptsValidGoal" classname="com.junior.roadmap.MainTest" time="0.001">
    <system-out><![CDATA[

Subject: 

Goal: Goal cannot be empty. Try again.


Goal: 

Planned Minutes: ]]></system-out>
  </testcase>
  <testcase name="completingExistingSessionChangesStatusToCompleted" classname="com.junior.roadmap.MainTest" time="0.0">
    <system-out><![CDATA[Select the session ID to mark complete: 
[
Session ID 38c06586-5529-49d5-99fb-659531eaa47f
Subject: Math
Goal: Practice algebra
Planned minutes: 45
Status: PLANNED
-----------------------------------------------
]
Enter the ID: Session completed successfully.
]]></system-out>
  </testcase>
  <testcase name="rejectsInvalidMinutesThenAcceptsValidMinutes" classname="com.junior.roadmap.MainTest" time="0.0">
    <system-out><![CDATA[

Subject: 

Goal: 

Planned Minutes: Planned minutes must be a number.


Planned Minutes: ]]></system-out>
  </testcase>
  <testcase name="rejectsInvalidMinutesZeroThenAcceptsValidMinutes" classname="com.junior.roadmap.MainTest" time="0.001">
    <system-out><![CDATA[

Subject: 

Goal: 

Planned Minutes: The session's minutes cannot be equal or less than 0. Try again.


Planned Minutes: ]]></system-out>
  </testcase>
  <testcase name="rejectsEmptySubjectThenAcceptsValidSubject" classname="com.junior.roadmap.MainTest" time="0.0">
    <system-out><![CDATA[

Subject: Subject cannot be empty. Try again.


Subject: 

Goal: 

Planned Minutes: ]]></system-out>
  </testcase>
</testsuite>